{
  "RSpec": {
    "coverage": {
      "/home/krayorn/gazooyr/app/models/user.rb": [
        1,
        null,
        null,
        null,
        1,
        1,
        1,
        1,
        null,
        1,
        null,
        1,
        0,
        null,
        null,
        1,
        null,
        null,
        1,
        0,
        0,
        0,
        null,
        0,
        0,
        null,
        0,
        null,
        null,
        null,
        null
      ],
      "/home/krayorn/gazooyr/app/models/application_record.rb": [
        1,
        1,
        null
      ],
      "/home/krayorn/gazooyr/app/helpers/application_helper.rb": [
        1,
        null
      ],
      "/home/krayorn/gazooyr/app/helpers/comments_helper.rb": [
        1,
        null
      ],
      "/home/krayorn/gazooyr/app/helpers/gazooies_helper.rb": [
        1,
        null
      ],
      "/home/krayorn/gazooyr/app/helpers/hash_tags_helper.rb": [
        1,
        null
      ],
      "/home/krayorn/gazooyr/app/helpers/news_helper.rb": [
        1,
        null
      ],
      "/home/krayorn/gazooyr/app/helpers/pages_helper.rb": [
        1,
        null
      ],
      "/home/krayorn/gazooyr/app/helpers/profiles_helper.rb": [
        1,
        null
      ],
      "/home/krayorn/gazooyr/app/helpers/registrations_helper.rb": [
        1,
        null
      ],
      "/home/krayorn/gazooyr/app/controllers/comments_controller.rb": [
        1,
        null,
        1,
        null,
        null,
        null,
        1,
        null,
        null,
        null,
        null
      ],
      "/home/krayorn/gazooyr/app/controllers/application_controller.rb": [
        1,
        1,
        null,
        1,
        null,
        1,
        0,
        0,
        0,
        null,
        null
      ],
      "/home/krayorn/gazooyr/app/controllers/gazooies_controller.rb": [
        1,
        null,
        1,
        null,
        null,
        null,
        1,
        null,
        null,
        null,
        1,
        null,
        null,
        null
      ],
      "/home/krayorn/gazooyr/app/controllers/hash_tags_controller.rb": [
        1,
        null,
        null
      ],
      "/home/krayorn/gazooyr/app/controllers/news_controller.rb": [
        1,
        null,
        null,
        null
      ],
      "/home/krayorn/gazooyr/app/controllers/pages_controller.rb": [
        1,
        null
      ],
      "/home/krayorn/gazooyr/app/controllers/profiles_controller.rb": [
        1,
        null,
        1,
        null,
        null,
        null
      ],
      "/home/krayorn/gazooyr/app/jobs/application_job.rb": [
        0,
        0
      ],
      "/home/krayorn/gazooyr/app/controllers/registrations_controller.rb": [
        0,
        0,
        0,
        0,
        0,
        null,
        0
      ],
      "/home/krayorn/gazooyr/app/mailers/application_mailer.rb": [
        0,
        0,
        0,
        0
      ],
      "/home/krayorn/gazooyr/app/channels/application_cable/connection.rb": [
        0,
        0,
        0,
        0
      ],
      "/home/krayorn/gazooyr/app/channels/application_cable/channel.rb": [
        0,
        0,
        0,
        0
      ]
    },
    "timestamp": 1530881886
  }
}
